<?xml version="1.0" encoding="UTF-8"?>
<!-- Generated by org.testng.reporters.JUnitReportReporter -->
<testsuite hostname="DESKTOP-TSLSQ48" failures="0" tests="1" name="TestSuites.trutime" time="82.326" errors="0" timestamp="18 May 2022 02:21:37 GMT" skipped="0">
  <testcase classname="TestSuites.trutime" name="testCases" time="82.326"/>
</testsuite> <!-- TestSuites.trutime -->
